<?xml version="1.0" encoding="UTF-8"?>
<testsuite name="StringRecipeTest" tests="1" skipped="0" failures="0" errors="0" timestamp="2022-11-16T17:46:16" hostname="MSIUbuntu" time="0.028">
  <properties/>
  <testcase name="stringRecipe()" classname="StringRecipeTest" time="0.028"/>
  <system-out><![CDATA[]]></system-out>
  <system-err><![CDATA[]]></system-err>
</testsuite>
